2026-06-01 18:27:29.922: [INFO][Sync] Reset engine, reason: 8
2026-06-01 18:27:29.922: [INFO][Sync] Stopped: Bookmarks
2026-06-01 18:27:29.922: [INFO][Sync] Stopped: Preferences
2026-06-01 18:27:29.922: [INFO][Sync] Stopped: Passwords
2026-06-01 18:27:29.922: [INFO][Sync] Stopped: Autofill Profiles
2026-06-01 18:27:29.922: [INFO][Sync] Stopped: Autofill
2026-06-01 18:27:29.922: [INFO][Sync] Stopped: Extensions
2026-06-01 18:27:29.922: [INFO][Sync] Stopped: Sessions
2026-06-01 18:27:29.922: [INFO][Sync] Stopped: Extension settings
2026-06-01 18:27:29.922: [INFO][Sync] Stopped: History Delete Directives
2026-06-01 18:27:29.922: [INFO][Sync] Stopped: Device Info
2026-06-01 18:27:29.922: [INFO][Sync] Stopped: User Consents
2026-06-01 18:27:29.922: [INFO][Sync] Stopped: Send Tab To Self
2026-06-01 18:27:29.922: [INFO][Sync] Stopped: Web Apps
2026-06-01 18:27:29.922: [INFO][Sync] Stopped: History
2026-06-01 18:27:29.922: [INFO][Sync] Stopped: Saved Tab Group
2026-06-01 18:27:29.922: [INFO][Sync] Stopped: WebAuthn Credentials
2026-06-01 18:27:29.922: [INFO][Sync] Stopped: Collection
2026-06-01 18:27:29.922: [INFO][Sync] Stopped: Edge E Drop
2026-06-01 18:27:29.922: [INFO][Sync] Stopped: Edge Hub App Usage
2026-06-01 18:27:29.922: [INFO][Sync] Stopped: Edge Journey
2026-06-01 18:27:29.922: [INFO][Sync] Stopped: Edge Wallet
2026-06-01 18:27:29.922: [INFO][Sync] Stopped: Edge Workspace
2026-06-01 18:27:29.922: [INFO][Sync] SyncState after authenticated was: NotSignedIn
2026-06-01 18:27:30.153: [INFO][Sync] Reset engine, reason: 8
2026-06-01 18:27:30.153: [INFO][Sync] Stopped: Bookmarks
2026-06-01 18:27:30.153: [INFO][Sync] Stopped: Preferences
2026-06-01 18:27:30.153: [INFO][Sync] Stopped: Passwords
2026-06-01 18:27:30.153: [INFO][Sync] Stopped: Autofill Profiles
2026-06-01 18:27:30.153: [INFO][Sync] Stopped: Autofill
2026-06-01 18:27:30.153: [INFO][Sync] Stopped: Extensions
2026-06-01 18:27:30.153: [INFO][Sync] Stopped: Sessions
2026-06-01 18:27:34.672: [INFO][Sync] Reset engine, reason: 8
2026-06-01 18:27:34.672: [INFO][Sync] Stopped: Bookmarks
2026-06-01 18:27:34.672: [INFO][Sync] Stopped: Preferences
2026-06-01 18:27:34.672: [INFO][Sync] Stopped: Passwords
2026-06-01 18:27:34.672: [INFO][Sync] Stopped: Autofill Profiles
2026-06-01 18:27:34.672: [INFO][Sync] Stopped: Autofill
2026-06-01 18:27:34.672: [INFO][Sync] Stopped: Extensions
2026-06-01 18:27:34.672: [INFO][Sync] Stopped: Sessions
2026-06-01 18:27:34.672: [INFO][Sync] Stopped: Extension settings
2026-06-01 18:27:34.672: [INFO][Sync] Stopped: History Delete Directives
2026-06-01 18:27:34.672: [INFO][Sync] Stopped: Device Info
2026-06-01 18:27:34.672: [INFO][Sync] Stopped: User Consents
2026-06-01 18:27:34.672: [INFO][Sync] Stopped: Send Tab To Self
2026-06-01 18:27:34.672: [INFO][Sync] Stopped: Web Apps
2026-06-01 18:27:34.672: [INFO][Sync] Stopped: History
2026-06-01 18:27:34.672: [INFO][Sync] Stopped: Saved Tab Group
2026-06-01 18:27:34.672: [INFO][Sync] Stopped: WebAuthn Credentials
2026-06-01 18:27:34.672: [INFO][Sync] Stopped: Collection
2026-06-01 18:27:34.672: [INFO][Sync] Stopped: Edge E Drop
2026-06-01 18:27:34.672: [INFO][Sync] Stopped: Edge Hub App Usage
2026-06-01 18:27:34.672: [INFO][Sync] Stopped: Edge Journey
2026-06-01 18:27:34.672: [INFO][Sync] Stopped: Edge Wallet
2026-06-01 18:27:34.672: [INFO][Sync] Stopped: Edge Workspace
2026-06-01 18:27:34.672: [INFO][Sync] SyncState after authenticated was: NotSignedIn
2026-06-01 18:27:34.809: [INFO][Sync] Reset engine, reason: 8
2026-06-01 18:27:34.809: [INFO][Sync] Stopped: Bookmarks
2026-06-01 18:27:34.809: [INFO][Sync] Stopped: Preferences
2026-06-01 18:27:38.906: [INFO][Sync] Reset engine, reason: 8
2026-06-01 18:27:38.906: [INFO][Sync] Stopped: Bookmarks
2026-06-01 18:27:38.906: [INFO][Sync] Stopped: Preferences
2026-06-01 18:27:38.906: [INFO][Sync] Stopped: Passwords
2026-06-01 18:27:38.906: [INFO][Sync] Stopped: Autofill Profiles
2026-06-01 18:27:38.906: [INFO][Sync] Stopped: Autofill
2026-06-01 18:27:38.906: [INFO][Sync] Stopped: Extensions
2026-06-01 18:27:38.906: [INFO][Sync] Stopped: Sessions
2026-06-01 18:27:38.906: [INFO][Sync] Stopped: Extension settings
2026-06-01 18:27:38.906: [INFO][Sync] Stopped: History Delete Directives
2026-06-01 18:27:38.906: [INFO][Sync] Stopped: Device Info
2026-06-01 18:27:38.906: [INFO][Sync] Stopped: User Consents
2026-06-01 18:27:38.906: [INFO][Sync] Stopped: Send Tab To Self
2026-06-01 18:27:38.906: [INFO][Sync] Stopped: Web Apps
2026-06-01 18:27:38.906: [INFO][Sync] Stopped: History
2026-06-01 18:27:38.906: [INFO][Sync] Stopped: Saved Tab Group
2026-06-01 18:27:38.906: [INFO][Sync] Stopped: WebAuthn Credentials
2026-06-01 18:27:38.906: [INFO][Sync] Stopped: Collection
2026-06-01 18:27:38.906: [INFO][Sync] Stopped: Edge E Drop
2026-06-01 18:27:38.906: [INFO][Sync] Stopped: Edge Hub App Usage
2026-06-01 18:27:38.906: [INFO][Sync] Stopped: Edge Journey
2026-06-01 18:27:38.906: [INFO][Sync] Stopped: Edge Wallet
2026-06-01 18:27:38.906: [INFO][Sync] Stopped: Edge Workspace
2026-06-01 18:27:38.906: [INFO][Sync] SyncState after authenticated was: NotSignedIn
2026-06-01 18:27:39.053: [INFO][Sync] Reset engine, reason: 8
2026-06-01 18:27:39.053: [INFO][Sync] Stopped: Bookmarks
2026-06-01 18:27:39.053: [INFO][Sync] Stopped: Preferences
2026-06-01 18:27:39.053: [INFO][Sync] Stopped: Passwords
2026-06-01 18:27:39.053: [INFO][Sync] Stopped: Autofill Profiles
2026-06-01 18:27:39.053: [INFO][Sync] Stopped: Autofill
2026-06-01 18:27:39.053: [INFO][Sync] Stopped: Extensions
2026-06-01 18:27:39.053: [INFO][Sync] Stopped: Sessions
2026-06-01 18:27:39.053: [INFO][Sync] Stopped: Extension settings
2026-06-01 18:27:39.053: [INFO][Sync] Stopped: History Delete Directives
2026-06-01 18:27:39.053: [INFO][Sync] Stopped: Device Info
2026-06-01 18:27:39.053: [INFO][Sync] Stopped: User Consents
2026-06-01 18:27:39.053: [INFO][Sync] Stopped: Send Tab To Self
2026-06-01 18:27:39.053: [INFO][Sync] Stopped: Web Apps
2026-06-01 18:27:39.053: [INFO][Sync] Stopped: History
2026-06-01 18:27:39.053: [INFO][Sync] Stopped: Saved Tab Group
2026-06-01 18:27:39.053: [INFO][Sync] Stopped: WebAuthn Credentials
2026-06-01 18:27:39.053: [INFO][Sync] Stopped: Collection
2026-06-01 18:27:39.053: [INFO][Sync] Stopped: Edge E Drop
2026-06-01 18:27:39.053: [INFO][Sync] Stopped: Edge Hub App Usage
2026-06-01 18:27:39.053: [INFO][Sync] Stopped: Edge Journey
2026-06-01 18:27:39.053: [INFO][Sync] Stopped: Edge Wallet
2026-06-01 18:27:39.053: [INFO][Sync] Stopped: Edge Workspace
